\BOOKMARK [1][-]{section.1}{Versuchsbeschreibung}{}% 1
\BOOKMARK [2][-]{subsection.1.1}{Versuchsziel}{section.1}% 2
\BOOKMARK [2][-]{subsection.1.2}{Grundlagen}{section.1}% 3
\BOOKMARK [3][-]{subsubsection.1.2.1}{Das mathematische Pendel}{subsection.1.2}% 4
\BOOKMARK [3][-]{subsubsection.1.2.2}{Das physikalische Pendel}{subsection.1.2}% 5
\BOOKMARK [1][-]{section.2}{Versuchsaufbau und Durchf\374hrung}{}% 6
\BOOKMARK [2][-]{subsection.2.1}{Aufbau}{section.2}% 7
\BOOKMARK [2][-]{subsection.2.2}{Durchf\374hrung}{section.2}% 8
\BOOKMARK [3][-]{subsubsection.2.2.1}{Messung der Periodendauer}{subsection.2.2}% 9
\BOOKMARK [3][-]{subsubsection.2.2.2}{Messung der Pendell\344nge}{subsection.2.2}% 10
\BOOKMARK [3][-]{subsubsection.2.2.3}{Messung des Radius des Pendelk\366rpers}{subsection.2.2}% 11
\BOOKMARK [1][-]{section.3}{Auswertung}{}% 12
\BOOKMARK [2][-]{subsection.3.1}{Angleich der Frequenzen}{section.3}% 13
\BOOKMARK [2][-]{subsection.3.2}{Messreihen}{section.3}% 14
\BOOKMARK [3][-]{subsubsection.3.2.1}{Messung der Periodendauer}{subsection.3.2}% 15
\BOOKMARK [3][-]{subsubsection.3.2.2}{Messung der Pendell\344nge}{subsection.3.2}% 16
\BOOKMARK [3][-]{subsubsection.3.2.3}{Messung des Radius des Pendelk\366rpers}{subsection.3.2}% 17
\BOOKMARK [2][-]{subsection.3.3}{Berechnung von g}{section.3}% 18
\BOOKMARK [2][-]{subsection.3.4}{Fehlerrechnung}{section.3}% 19
\BOOKMARK [1][-]{section.4}{Diskussion der Ergebnisse}{}% 20
