This is pdfTeX, Version 3.14159265-2.6-1.40.16 (TeX Live 2015/W32TeX) (preloaded format=pdflatex 2015.11.2)  15 MAR 2016 00:10
entering extended mode
 restricted \write18 enabled.
 %&-line parsing enabled.
**./Final_E.tex
(./Final_E.tex
LaTeX2e <2015/10/01> patch level 2
Babel <3.9m> and hyphenation patterns for 79 languages loaded.
(c:/texlive/2015/texmf-dist/tex/latex/base/article.cls
Document Class: article 2014/09/29 v1.4h Standard LaTeX document class
(c:/texlive/2015/texmf-dist/tex/latex/base/size12.clo
File: size12.clo 2014/09/29 v1.4h Standard LaTeX file (size option)
)
\c@part=\count79
\c@section=\count80
\c@subsection=\count81
\c@subsubsection=\count82
\c@paragraph=\count83
\c@subparagraph=\count84
\c@figure=\count85
\c@table=\count86
\abovecaptionskip=\skip41
\belowcaptionskip=\skip42
\bibindent=\dimen102
)
(c:/texlive/2015/texmf-dist/tex/latex/base/inputenc.sty
Package: inputenc 2015/03/17 v1.2c Input encoding file
\inpenc@prehook=\toks14
\inpenc@posthook=\toks15

(c:/texlive/2015/texmf-dist/tex/latex/base/utf8.def
File: utf8.def 2015/09/07 v1.1p UTF-8 support for inputenc
Now handling font encoding OML ...
... no UTF-8 mapping file for font encoding OML
Now handling font encoding T1 ...
... processing UTF-8 mapping file for font encoding T1

(c:/texlive/2015/texmf-dist/tex/latex/base/t1enc.dfu
File: t1enc.dfu 2015/09/07 v1.1p UTF-8 support for inputenc
   defining Unicode char U+00A0 (decimal 160)
   defining Unicode char U+00A1 (decimal 161)
   defining Unicode char U+00A3 (decimal 163)
   defining Unicode char U+00AB (decimal 171)
   defining Unicode char U+00AD (decimal 173)
   defining Unicode char U+00BB (decimal 187)
   defining Unicode char U+00BF (decimal 191)
   defining Unicode char U+00C0 (decimal 192)
   defining Unicode char U+00C1 (decimal 193)
   defining Unicode char U+00C2 (decimal 194)
   defining Unicode char U+00C3 (decimal 195)
   defining Unicode char U+00C4 (decimal 196)
   defining Unicode char U+00C5 (decimal 197)
   defining Unicode char U+00C6 (decimal 198)
   defining Unicode char U+00C7 (decimal 199)
   defining Unicode char U+00C8 (decimal 200)
   defining Unicode char U+00C9 (decimal 201)
   defining Unicode char U+00CA (decimal 202)
   defining Unicode char U+00CB (decimal 203)
   defining Unicode char U+00CC (decimal 204)
   defining Unicode char U+00CD (decimal 205)
   defining Unicode char U+00CE (decimal 206)
   defining Unicode char U+00CF (decimal 207)
   defining Unicode char U+00D0 (decimal 208)
   defining Unicode char U+00D1 (decimal 209)
   defining Unicode char U+00D2 (decimal 210)
   defining Unicode char U+00D3 (decimal 211)
   defining Unicode char U+00D4 (decimal 212)
   defining Unicode char U+00D5 (decimal 213)
   defining Unicode char U+00D6 (decimal 214)
   defining Unicode char U+00D8 (decimal 216)
   defining Unicode char U+00D9 (decimal 217)
   defining Unicode char U+00DA (decimal 218)
   defining Unicode char U+00DB (decimal 219)
   defining Unicode char U+00DC (decimal 220)
   defining Unicode char U+00DD (decimal 221)
   defining Unicode char U+00DE (decimal 222)
   defining Unicode char U+00DF (decimal 223)
   defining Unicode char U+00E0 (decimal 224)
   defining Unicode char U+00E1 (decimal 225)
   defining Unicode char U+00E2 (decimal 226)
   defining Unicode char U+00E3 (decimal 227)
   defining Unicode char U+00E4 (decimal 228)
   defining Unicode char U+00E5 (decimal 229)
   defining Unicode char U+00E6 (decimal 230)
   defining Unicode char U+00E7 (decimal 231)
   defining Unicode char U+00E8 (decimal 232)
   defining Unicode char U+00E9 (decimal 233)
   defining Unicode char U+00EA (decimal 234)
   defining Unicode char U+00EB (decimal 235)
   defining Unicode char U+00EC (decimal 236)
   defining Unicode char U+00ED (decimal 237)
   defining Unicode char U+00EE (decimal 238)
   defining Unicode char U+00EF (decimal 239)
   defining Unicode char U+00F0 (decimal 240)
   defining Unicode char U+00F1 (decimal 241)
   defining Unicode char U+00F2 (decimal 242)
   defining Unicode char U+00F3 (decimal 243)
   defining Unicode char U+00F4 (decimal 244)
   defining Unicode char U+00F5 (decimal 245)
   defining Unicode char U+00F6 (decimal 246)
   defining Unicode char U+00F8 (decimal 248)
   defining Unicode char U+00F9 (decimal 249)
   defining Unicode char U+00FA (decimal 250)
   defining Unicode char U+00FB (decimal 251)
   defining Unicode char U+00FC (decimal 252)
   defining Unicode char U+00FD (decimal 253)
   defining Unicode char U+00FE (decimal 254)
   defining Unicode char U+00FF (decimal 255)
   defining Unicode char U+0102 (decimal 258)
   defining Unicode char U+0103 (decimal 259)
   defining Unicode char U+0104 (decimal 260)
   defining Unicode char U+0105 (decimal 261)
   defining Unicode char U+0106 (decimal 262)
   defining Unicode char U+0107 (decimal 263)
   defining Unicode char U+010C (decimal 268)
   defining Unicode char U+010D (decimal 269)
   defining Unicode char U+010E (decimal 270)
   defining Unicode char U+010F (decimal 271)
   defining Unicode char U+0110 (decimal 272)
   defining Unicode char U+0111 (decimal 273)
   defining Unicode char U+0118 (decimal 280)
   defining Unicode char U+0119 (decimal 281)
   defining Unicode char U+011A (decimal 282)
   defining Unicode char U+011B (decimal 283)
   defining Unicode char U+011E (decimal 286)
   defining Unicode char U+011F (decimal 287)
   defining Unicode char U+0130 (decimal 304)
   defining Unicode char U+0131 (decimal 305)
   defining Unicode char U+0132 (decimal 306)
   defining Unicode char U+0133 (decimal 307)
   defining Unicode char U+0139 (decimal 313)
   defining Unicode char U+013A (decimal 314)
   defining Unicode char U+013D (decimal 317)
   defining Unicode char U+013E (decimal 318)
   defining Unicode char U+0141 (decimal 321)
   defining Unicode char U+0142 (decimal 322)
   defining Unicode char U+0143 (decimal 323)
   defining Unicode char U+0144 (decimal 324)
   defining Unicode char U+0147 (decimal 327)
   defining Unicode char U+0148 (decimal 328)
   defining Unicode char U+014A (decimal 330)
   defining Unicode char U+014B (decimal 331)
   defining Unicode char U+0150 (decimal 336)
   defining Unicode char U+0151 (decimal 337)
   defining Unicode char U+0152 (decimal 338)
   defining Unicode char U+0153 (decimal 339)
   defining Unicode char U+0154 (decimal 340)
   defining Unicode char U+0155 (decimal 341)
   defining Unicode char U+0158 (decimal 344)
   defining Unicode char U+0159 (decimal 345)
   defining Unicode char U+015A (decimal 346)
   defining Unicode char U+015B (decimal 347)
   defining Unicode char U+015E (decimal 350)
   defining Unicode char U+015F (decimal 351)
   defining Unicode char U+0160 (decimal 352)
   defining Unicode char U+0161 (decimal 353)
   defining Unicode char U+0162 (decimal 354)
   defining Unicode char U+0163 (decimal 355)
   defining Unicode char U+0164 (decimal 356)
   defining Unicode char U+0165 (decimal 357)
   defining Unicode char U+016E (decimal 366)
   defining Unicode char U+016F (decimal 367)
   defining Unicode char U+0170 (decimal 368)
   defining Unicode char U+0171 (decimal 369)
   defining Unicode char U+0174 (decimal 372)
   defining Unicode char U+0175 (decimal 373)
   defining Unicode char U+0176 (decimal 374)
   defining Unicode char U+0177 (decimal 375)
   defining Unicode char U+0178 (decimal 376)
   defining Unicode char U+0179 (decimal 377)
   defining Unicode char U+017A (decimal 378)
   defining Unicode char U+017B (decimal 379)
   defining Unicode char U+017C (decimal 380)
   defining Unicode char U+017D (decimal 381)
   defining Unicode char U+017E (decimal 382)
   defining Unicode char U+0218 (decimal 536)
   defining Unicode char U+0219 (decimal 537)
   defining Unicode char U+021A (decimal 538)
   defining Unicode char U+021B (decimal 539)
   defining Unicode char U+200C (decimal 8204)
   defining Unicode char U+2013 (decimal 8211)
   defining Unicode char U+2014 (decimal 8212)
   defining Unicode char U+2018 (decimal 8216)
   defining Unicode char U+2019 (decimal 8217)
   defining Unicode char U+201A (decimal 8218)
   defining Unicode char U+201C (decimal 8220)
   defining Unicode char U+201D (decimal 8221)
   defining Unicode char U+201E (decimal 8222)
   defining Unicode char U+2030 (decimal 8240)
   defining Unicode char U+2031 (decimal 8241)
   defining Unicode char U+2039 (decimal 8249)
   defining Unicode char U+203A (decimal 8250)
   defining Unicode char U+2423 (decimal 9251)
)
Now handling font encoding OT1 ...
... processing UTF-8 mapping file for font encoding OT1

(c:/texlive/2015/texmf-dist/tex/latex/base/ot1enc.dfu
File: ot1enc.dfu 2015/09/07 v1.1p UTF-8 support for inputenc
   defining Unicode char U+00A0 (decimal 160)
   defining Unicode char U+00A1 (decimal 161)
   defining Unicode char U+00A3 (decimal 163)
   defining Unicode char U+00AD (decimal 173)
   defining Unicode char U+00B8 (decimal 184)
   defining Unicode char U+00BF (decimal 191)
   defining Unicode char U+00C5 (decimal 197)
   defining Unicode char U+00C6 (decimal 198)
   defining Unicode char U+00D8 (decimal 216)
   defining Unicode char U+00DF (decimal 223)
   defining Unicode char U+00E6 (decimal 230)
   defining Unicode char U+00EC (decimal 236)
   defining Unicode char U+00ED (decimal 237)
   defining Unicode char U+00EE (decimal 238)
   defining Unicode char U+00EF (decimal 239)
   defining Unicode char U+00F8 (decimal 248)
   defining Unicode char U+0131 (decimal 305)
   defining Unicode char U+0141 (decimal 321)
   defining Unicode char U+0142 (decimal 322)
   defining Unicode char U+0152 (decimal 338)
   defining Unicode char U+0153 (decimal 339)
   defining Unicode char U+0174 (decimal 372)
   defining Unicode char U+0175 (decimal 373)
   defining Unicode char U+0176 (decimal 374)
   defining Unicode char U+0177 (decimal 375)
   defining Unicode char U+0218 (decimal 536)
   defining Unicode char U+0219 (decimal 537)
   defining Unicode char U+021A (decimal 538)
   defining Unicode char U+021B (decimal 539)
   defining Unicode char U+2013 (decimal 8211)
   defining Unicode char U+2014 (decimal 8212)
   defining Unicode char U+2018 (decimal 8216)
   defining Unicode char U+2019 (decimal 8217)
   defining Unicode char U+201C (decimal 8220)
   defining Unicode char U+201D (decimal 8221)
)
Now handling font encoding OMS ...
... processing UTF-8 mapping file for font encoding OMS

(c:/texlive/2015/texmf-dist/tex/latex/base/omsenc.dfu
File: omsenc.dfu 2015/09/07 v1.1p UTF-8 support for inputenc
   defining Unicode char U+00A7 (decimal 167)
   defining Unicode char U+00B6 (decimal 182)
   defining Unicode char U+00B7 (decimal 183)
   defining Unicode char U+2020 (decimal 8224)
   defining Unicode char U+2021 (decimal 8225)
   defining Unicode char U+2022 (decimal 8226)
)
Now handling font encoding OMX ...
... no UTF-8 mapping file for font encoding OMX
Now handling font encoding U ...
... no UTF-8 mapping file for font encoding U
   defining Unicode char U+00A9 (decimal 169)
   defining Unicode char U+00AA (decimal 170)
   defining Unicode char U+00AE (decimal 174)
   defining Unicode char U+00BA (decimal 186)
   defining Unicode char U+02C6 (decimal 710)
   defining Unicode char U+02DC (decimal 732)
   defining Unicode char U+200C (decimal 8204)
   defining Unicode char U+2026 (decimal 8230)
   defining Unicode char U+2122 (decimal 8482)
   defining Unicode char U+2423 (decimal 9251)
))
(c:/texlive/2015/texmf-dist/tex/generic/babel/babel.sty
Package: babel 2015/08/03 3.9m The Babel package

(c:/texlive/2015/texmf-dist/tex/generic/babel-german/german.ldf
Language: german 2014/10/10 v2.7b German support for babel (traditional orthogr
aphy)

(c:/texlive/2015/texmf-dist/tex/generic/babel-german/germanb.ldf
Language: germanb 2014/10/10 v2.7b German support for babel (traditional orthog
raphy)

(c:/texlive/2015/texmf-dist/tex/generic/babel/babel.def
File: babel.def 2015/08/03 3.9m Babel common definitions
\babel@savecnt=\count87
\U@D=\dimen103
)
\l@austrian = a dialect from \language\l@german 
Package babel Info: Making " an active character on input line 110.
)))
(c:/texlive/2015/texmf-dist/tex/latex/base/fontenc.sty
Package: fontenc 2005/09/27 v1.99g Standard LaTeX package

(c:/texlive/2015/texmf-dist/tex/latex/base/t1enc.def
File: t1enc.def 2005/09/27 v1.99g Standard LaTeX file
LaTeX Font Info:    Redeclaring font encoding T1 on input line 48.
))
(c:/texlive/2015/texmf-dist/tex/latex/amsmath/amsmath.sty
Package: amsmath 2013/01/14 v2.14 AMS math features
\@mathmargin=\skip43

For additional information on amsmath, use the `?' option.
(c:/texlive/2015/texmf-dist/tex/latex/amsmath/amstext.sty
Package: amstext 2000/06/29 v2.01

(c:/texlive/2015/texmf-dist/tex/latex/amsmath/amsgen.sty
File: amsgen.sty 1999/11/30 v2.0
\@emptytoks=\toks16
\ex@=\dimen104
))
(c:/texlive/2015/texmf-dist/tex/latex/amsmath/amsbsy.sty
Package: amsbsy 1999/11/29 v1.2d
\pmbraise@=\dimen105
)
(c:/texlive/2015/texmf-dist/tex/latex/amsmath/amsopn.sty
Package: amsopn 1999/12/14 v2.01 operator names
)
\inf@bad=\count88
LaTeX Info: Redefining \frac on input line 210.
\uproot@=\count89
\leftroot@=\count90
LaTeX Info: Redefining \overline on input line 306.
\classnum@=\count91
\DOTSCASE@=\count92
LaTeX Info: Redefining \ldots on input line 378.
LaTeX Info: Redefining \dots on input line 381.
LaTeX Info: Redefining \cdots on input line 466.
\Mathstrutbox@=\box26
\strutbox@=\box27
\big@size=\dimen106
LaTeX Font Info:    Redeclaring font encoding OML on input line 566.
LaTeX Font Info:    Redeclaring font encoding OMS on input line 567.
\macc@depth=\count93
\c@MaxMatrixCols=\count94
\dotsspace@=\muskip10
\c@parentequation=\count95
\dspbrk@lvl=\count96
\tag@help=\toks17
\row@=\count97
\column@=\count98
\maxfields@=\count99
\andhelp@=\toks18
\eqnshift@=\dimen107
\alignsep@=\dimen108
\tagshift@=\dimen109
\tagwidth@=\dimen110
\totwidth@=\dimen111
\lineht@=\dimen112
\@envbody=\toks19
\multlinegap=\skip44
\multlinetaggap=\skip45
\mathdisplay@stack=\toks20
LaTeX Info: Redefining \[ on input line 2665.
LaTeX Info: Redefining \] on input line 2666.
)
(c:/texlive/2015/texmf-dist/tex/latex/amsfonts/amsfonts.sty
Package: amsfonts 2013/01/14 v3.01 Basic AMSFonts support
\symAMSa=\mathgroup4
\symAMSb=\mathgroup5
LaTeX Font Info:    Overwriting math alphabet `\mathfrak' in version `bold'
(Font)                  U/euf/m/n --> U/euf/b/n on input line 106.
)
(c:/texlive/2015/texmf-dist/tex/latex/amsfonts/amssymb.sty
Package: amssymb 2013/01/14 v3.01 AMS font symbols
)
(c:/texlive/2015/texmf-dist/tex/latex/graphics/graphicx.sty
Package: graphicx 2014/10/28 v1.0g Enhanced LaTeX Graphics (DPC,SPQR)

(c:/texlive/2015/texmf-dist/tex/latex/graphics/keyval.sty
Package: keyval 2014/10/28 v1.15 key=value parser (DPC)
\KV@toks@=\toks21
)
(c:/texlive/2015/texmf-dist/tex/latex/graphics/graphics.sty
Package: graphics 2014/10/28 v1.0p Standard LaTeX Graphics (DPC,SPQR)

(c:/texlive/2015/texmf-dist/tex/latex/graphics/trig.sty
Package: trig 1999/03/16 v1.09 sin cos tan (DPC)
)
(c:/texlive/2015/texmf-dist/tex/latex/latexconfig/graphics.cfg
File: graphics.cfg 2010/04/23 v1.9 graphics configuration of TeX Live
)
Package graphics Info: Driver file: pdftex.def on input line 94.

(c:/texlive/2015/texmf-dist/tex/latex/pdftex-def/pdftex.def
File: pdftex.def 2011/05/27 v0.06d Graphics/color for pdfTeX

(c:/texlive/2015/texmf-dist/tex/generic/oberdiek/infwarerr.sty
Package: infwarerr 2010/04/08 v1.3 Providing info/warning/error messages (HO)
)
(c:/texlive/2015/texmf-dist/tex/generic/oberdiek/ltxcmds.sty
Package: ltxcmds 2011/11/09 v1.22 LaTeX kernel commands for general use (HO)
)
\Gread@gobject=\count100
))
\Gin@req@height=\dimen113
\Gin@req@width=\dimen114
)
(c:/texlive/2015/texmf-dist/tex/latex/geometry/geometry.sty
Package: geometry 2010/09/12 v5.6 Page Geometry

(c:/texlive/2015/texmf-dist/tex/generic/oberdiek/ifpdf.sty
Package: ifpdf 2011/01/30 v2.3 Provides the ifpdf switch (HO)
Package ifpdf Info: pdfTeX in PDF mode is detected.
)
(c:/texlive/2015/texmf-dist/tex/generic/oberdiek/ifvtex.sty
Package: ifvtex 2010/03/01 v1.5 Detect VTeX and its facilities (HO)
Package ifvtex Info: VTeX not detected.
)
(c:/texlive/2015/texmf-dist/tex/generic/ifxetex/ifxetex.sty
Package: ifxetex 2010/09/12 v0.6 Provides ifxetex conditional
)
\Gm@cnth=\count101
\Gm@cntv=\count102
\c@Gm@tempcnt=\count103
\Gm@bindingoffset=\dimen115
\Gm@wd@mp=\dimen116
\Gm@odd@mp=\dimen117
\Gm@even@mp=\dimen118
\Gm@layoutwidth=\dimen119
\Gm@layoutheight=\dimen120
\Gm@layouthoffset=\dimen121
\Gm@layoutvoffset=\dimen122
\Gm@dimlist=\toks22
)
(c:/texlive/2015/texmf-dist/tex/latex/float/float.sty
Package: float 2001/11/08 v1.3d Float enhancements (AL)
\c@float@type=\count104
\float@exts=\toks23
\float@box=\box28
\@float@everytoks=\toks24
\@floatcapt=\box29
)
(c:/texlive/2015/texmf-dist/tex/latex/subfigure/subfigure.sty
Package: subfigure 2002/03/15 v2.1.5 subfigure package
\subfigtopskip=\skip46
\subfigcapskip=\skip47
\subfigcaptopadj=\dimen123
\subfigbottomskip=\skip48
\subfigcapmargin=\dimen124
\subfiglabelskip=\skip49
\c@subfigure=\count105
\c@lofdepth=\count106
\c@subtable=\count107
\c@lotdepth=\count108

****************************************
* Local config file subfigure.cfg used *
****************************************
(c:/texlive/2015/texmf-dist/tex/latex/subfigure/subfigure.cfg)
\subfig@top=\skip50
\subfig@bottom=\skip51
) (./Final_E.aux)
\openout1 = `Final_E.aux'.

LaTeX Font Info:    Checking defaults for OML/cmm/m/it on input line 13.
LaTeX Font Info:    ... okay on input line 13.
LaTeX Font Info:    Checking defaults for T1/cmr/m/n on input line 13.
LaTeX Font Info:    ... okay on input line 13.
LaTeX Font Info:    Checking defaults for OT1/cmr/m/n on input line 13.
LaTeX Font Info:    ... okay on input line 13.
LaTeX Font Info:    Checking defaults for OMS/cmsy/m/n on input line 13.
LaTeX Font Info:    ... okay on input line 13.
LaTeX Font Info:    Checking defaults for OMX/cmex/m/n on input line 13.
LaTeX Font Info:    ... okay on input line 13.
LaTeX Font Info:    Checking defaults for U/cmr/m/n on input line 13.
LaTeX Font Info:    ... okay on input line 13.
(c:/texlive/2015/texmf-dist/tex/context/base/supp-pdf.mkii
[Loading MPS to PDF converter (version 2006.09.02).]
\scratchcounter=\count109
\scratchdimen=\dimen125
\scratchbox=\box30
\nofMPsegments=\count110
\nofMParguments=\count111
\everyMPshowfont=\toks25
\MPscratchCnt=\count112
\MPscratchDim=\dimen126
\MPnumerator=\count113
\makeMPintoPDFobject=\count114
\everyMPtoPDFconversion=\toks26
) (c:/texlive/2015/texmf-dist/tex/generic/oberdiek/pdftexcmds.sty
Package: pdftexcmds 2011/11/29 v0.20 Utility functions of pdfTeX for LuaTeX (HO
)

(c:/texlive/2015/texmf-dist/tex/generic/oberdiek/ifluatex.sty
Package: ifluatex 2010/03/01 v1.3 Provides the ifluatex switch (HO)
Package ifluatex Info: LuaTeX not detected.
)
Package pdftexcmds Info: LuaTeX not detected.
Package pdftexcmds Info: \pdf@primitive is available.
Package pdftexcmds Info: \pdf@ifprimitive is available.
Package pdftexcmds Info: \pdfdraftmode found.
)
(c:/texlive/2015/texmf-dist/tex/latex/oberdiek/epstopdf-base.sty
Package: epstopdf-base 2010/02/09 v2.5 Base part for package epstopdf

(c:/texlive/2015/texmf-dist/tex/latex/oberdiek/grfext.sty
Package: grfext 2010/08/19 v1.1 Manage graphics extensions (HO)

(c:/texlive/2015/texmf-dist/tex/generic/oberdiek/kvdefinekeys.sty
Package: kvdefinekeys 2011/04/07 v1.3 Define keys (HO)
))
(c:/texlive/2015/texmf-dist/tex/latex/oberdiek/kvoptions.sty
Package: kvoptions 2011/06/30 v3.11 Key value format for package options (HO)

(c:/texlive/2015/texmf-dist/tex/generic/oberdiek/kvsetkeys.sty
Package: kvsetkeys 2012/04/25 v1.16 Key value parser (HO)

(c:/texlive/2015/texmf-dist/tex/generic/oberdiek/etexcmds.sty
Package: etexcmds 2011/02/16 v1.5 Avoid name clashes with e-TeX commands (HO)
Package etexcmds Info: Could not find \expanded.
(etexcmds)             That can mean that you are not using pdfTeX 1.50 or
(etexcmds)             that some package has redefined \expanded.
(etexcmds)             In the latter case, load this package earlier.
)))
Package grfext Info: Graphics extension search list:
(grfext)             [.png,.pdf,.jpg,.mps,.jpeg,.jbig2,.jb2,.PNG,.PDF,.JPG,.JPE
G,.JBIG2,.JB2,.eps]
(grfext)             \AppendGraphicsExtensions on input line 452.

(c:/texlive/2015/texmf-dist/tex/latex/latexconfig/epstopdf-sys.cfg
File: epstopdf-sys.cfg 2010/07/13 v1.3 Configuration of (r)epstopdf for TeX Liv
e
))
*geometry* driver: auto-detecting
*geometry* detected driver: pdftex
*geometry* verbose mode - [ preamble ] result:
* driver: pdftex
* paper: a4paper
* layout: <same size as paper>
* layoutoffset:(h,v)=(0.0pt,0.0pt)
* modes: 
* h-part:(L,W,R)=(71.13188pt, 455.24411pt, 71.13188pt)
* v-part:(T,H,B)=(56.9055pt, 731.23584pt, 56.9055pt)
* \paperwidth=597.50787pt
* \paperheight=845.04684pt
* \textwidth=455.24411pt
* \textheight=731.23584pt
* \oddsidemargin=-1.1381pt
* \evensidemargin=-1.1381pt
* \topmargin=-52.36449pt
* \headheight=12.0pt
* \headsep=25.0pt
* \topskip=12.0pt
* \footskip=30.0pt
* \marginparwidth=35.0pt
* \marginparsep=10.0pt
* \columnsep=10.0pt
* \skip\footins=10.8pt plus 4.0pt minus 2.0pt
* \hoffset=0.0pt
* \voffset=0.0pt
* \mag=1000
* \@twocolumnfalse
* \@twosidefalse
* \@mparswitchfalse
* \@reversemarginfalse
* (1in=72.27pt=25.4mm, 1cm=28.453pt)

LaTeX Font Info:    Try loading font information for U+msa on input line 17.
(c:/texlive/2015/texmf-dist/tex/latex/amsfonts/umsa.fd
File: umsa.fd 2013/01/14 v3.01 AMS symbols A
)
LaTeX Font Info:    Try loading font information for U+msb on input line 17.

(c:/texlive/2015/texmf-dist/tex/latex/amsfonts/umsb.fd
File: umsb.fd 2013/01/14 v3.01 AMS symbols B
)
<12000155_1207085929316467_1534534399_n.jpg, id=1, 963.6pt x 542.025pt>
File: 12000155_1207085929316467_1534534399_n.jpg Graphic file (type jpg)

<use 12000155_1207085929316467_1534534399_n.jpg>
Package pdftex.def Info: 12000155_1207085929316467_1534534399_n.jpg used on inp
ut line 24.
(pdftex.def)             Requested size: 337.26506pt x 189.71158pt.

<Rauschmessung1.png, id=2, 774.4935pt x 437.83575pt>
File: Rauschmessung1.png Graphic file (type png)
 <use Rauschmessung1.png>
Package pdftex.def Info: Rauschmessung1.png used on input line 37.
(pdftex.def)             Requested size: 464.69968pt x 262.70348pt.

<Rauschmessung2.png, id=3, 807.015pt x 437.83575pt>
File: Rauschmessung2.png Graphic file (type png)
 <use Rauschmessung2.png>
Package pdftex.def Info: Rauschmessung2.png used on input line 38.
(pdftex.def)             Requested size: 464.03003pt x 251.7536pt.

Overfull \hbox (9.45557pt too wide) in paragraph at lines 37--39
[][]
 []


Overfull \hbox (8.78592pt too wide) in paragraph at lines 37--39
[] 
 []

[1

{c:/texlive/2015/texmf-var/fonts/map/pdftex/updmap/pdftex.map} <./12000155_1207
085929316467_1534534399_n.jpg>] [2 <./Rauschmessung1.png> <./Rauschmessung2.png
>]
Underfull \hbox (badness 10000) in paragraph at lines 64--71

 []


Underfull \hbox (badness 10000) in paragraph at lines 64--71

 []

File: 12000155_1207085929316467_1534534399_n.jpg Graphic file (type jpg)
<use 12000155_1207085929316467_1534534399_n.jpg>
Package pdftex.def Info: 12000155_1207085929316467_1534534399_n.jpg used on inp
ut line 72.
(pdftex.def)             Requested size: 337.26506pt x 189.71158pt.

Underfull \hbox (badness 10000) in paragraph at lines 72--74

 []

[3] <raw_U_gegen_I.png, id=26, 963.6pt x 542.025pt>
File: raw_U_gegen_I.png Graphic file (type png)
 <use raw_U_gegen_I.png>
Package pdftex.def Info: raw_U_gegen_I.png used on input line 76.
(pdftex.def)             Requested size: 337.26506pt x 189.71158pt.

Underfull \hbox (badness 10000) in paragraph at lines 76--77

 []

<lin_reg_single.png, id=27, 1233.6489pt x 589.0005pt>
File: lin_reg_single.png Graphic file (type png)
 <use lin_reg_single.png>
Package pdftex.def Info: lin_reg_single.png used on input line 79.
(pdftex.def)             Requested size: 431.78358pt x 206.15326pt.

<U_gegen_I.png, id=29, 1233.6489pt x 589.0005pt>
File: U_gegen_I.png Graphic file (type png)
 <use U_gegen_I.png>
Package pdftex.def Info: U_gegen_I.png used on input line 87.
(pdftex.def)             Requested size: 431.78358pt x 206.15326pt.

Overfull \hbox (1.64154pt too wide) in paragraph at lines 78--98
\T1/cmr/m/n/12 Um den sy-ste-ma-ti-schen Feh-ler auf R ab-zu-schät-zen, müs-sen
 wir jetzt den "Korridor"$ $bilden.
 []


Underfull \hbox (badness 10000) in paragraph at lines 78--98

 []


Underfull \hbox (badness 10000) in paragraph at lines 78--98

 []


Underfull \hbox (badness 10000) in paragraph at lines 78--98

 []


Underfull \hbox (badness 10000) in paragraph at lines 78--98

 []


Underfull \hbox (badness 10000) in paragraph at lines 78--98

 []


Underfull \hbox (badness 10000) in paragraph at lines 78--98

 []


Underfull \hbox (badness 10000) in paragraph at lines 78--98

 []


Underfull \hbox (badness 10000) in paragraph at lines 78--98

 []

[4 <./raw_U_gegen_I.png>] [5 <./lin_reg_single.png> <./U_gegen_I.png>]
Underfull \hbox (badness 10000) in paragraph at lines 99--103

 []

<12834525_1207198235971903_753892727_n.jpg, id=38, 542.025pt x 963.6pt>
File: 12834525_1207198235971903_753892727_n.jpg Graphic file (type jpg)

<use 12834525_1207198235971903_753892727_n.jpg>
Package pdftex.def Info: 12834525_1207198235971903_753892727_n.jpg used on inpu
t line 129.
(pdftex.def)             Requested size: 325.2175pt x 578.16447pt.
 [6] [7 <./12834525_1207198235971903_753892727_n.jpg>]
Package epstopdf Info: Source file: <auf-entladung.eps>
(epstopdf)                    date: 2016-03-14 14:54:30
(epstopdf)                    size: 35372 bytes
(epstopdf)             Output file: <auf-entladung-eps-converted-to.pdf>
(epstopdf)                    date: 2016-03-14 22:40:23
(epstopdf)                    size: 22434 bytes
(epstopdf)             Command: <repstopdf --outfile=auf-entladung-eps-converte
d-to.pdf auf-entladung.eps>
(epstopdf)             \includegraphics on input line 178.
Package epstopdf Info: Output file is already uptodate.

<auf-entladung-eps-converted-to.pdf, id=50, 1734.48pt x 847.165pt>
File: auf-entladung-eps-converted-to.pdf Graphic file (type pdf)

<use auf-entladung-eps-converted-to.pdf>
Package pdftex.def Info: auf-entladung-eps-converted-to.pdf used on input line 
178.
(pdftex.def)             Requested size: 520.34802pt x 254.15146pt.

Overfull \hbox (65.10391pt too wide) in paragraph at lines 178--179
 [][] 
 []

[8]
Underfull \hbox (badness 10000) in paragraph at lines 185--186

 []

<12834837_1207198225971904_686312351_n.jpg, id=54, 963.6pt x 542.025pt>
File: 12834837_1207198225971904_686312351_n.jpg Graphic file (type jpg)

<use 12834837_1207198225971904_686312351_n.jpg>
Package pdftex.def Info: 12834837_1207198225971904_686312351_n.jpg used on inpu
t line 187.
(pdftex.def)             Requested size: 337.26506pt x 189.71158pt.

Underfull \hbox (badness 10000) in paragraph at lines 187--194

 []


Underfull \hbox (badness 10000) in paragraph at lines 187--194

 []


Underfull \hbox (badness 10000) in paragraph at lines 187--194

 []


Underfull \hbox (badness 10000) in paragraph at lines 187--194

 []

[9 <./auf-entladung-eps-converted-to.pdf>]
<auf1.png, id=105, 963.6pt x 542.025pt>
File: auf1.png Graphic file (type png)
 <use auf1.png>
Package pdftex.def Info: auf1.png used on input line 196.
(pdftex.def)             Requested size: 337.26506pt x 189.71158pt.

<ent1.png, id=106, 963.6pt x 542.025pt>
File: ent1.png Graphic file (type png)
 <use ent1.png>
Package pdftex.def Info: ent1.png used on input line 199.
(pdftex.def)             Requested size: 337.26506pt x 189.71158pt.

Underfull \hbox (badness 10000) in paragraph at lines 196--201

 []


Underfull \hbox (badness 10000) in paragraph at lines 196--201

 []

[10 <./12834837_1207198225971904_686312351_n.jpg>]
<offset_und_fehler.png, id=110, 963.6pt x 542.025pt>
File: offset_und_fehler.png Graphic file (type png)

<use offset_und_fehler.png>
Package pdftex.def Info: offset_und_fehler.png used on input line 207.
(pdftex.def)             Requested size: 337.26506pt x 189.71158pt.
 <ln(I)ggt.png, id=111, 578.16pt x 431.4519pt>
File: ln(I)ggt.png Graphic file (type png)

<use ln(I)ggt.png>
Package pdftex.def Info: ln(I)ggt.png used on input line 212.
(pdftex.def)             Requested size: 202.35902pt x 151.01042pt.
 <ln(u)ggt.png, id=112, 578.16pt x 431.4519pt>
File: ln(u)ggt.png Graphic file (type png)

<use ln(u)ggt.png>
Package pdftex.def Info: ln(u)ggt.png used on input line 214.
(pdftex.def)             Requested size: 202.35902pt x 151.01042pt.
 <ln(Ik)ggt.png, id=113, 578.16pt x 431.4519pt>
File: ln(Ik)ggt.png Graphic file (type png)

<use ln(Ik)ggt.png>
Package pdftex.def Info: ln(Ik)ggt.png used on input line 218.
(pdftex.def)             Requested size: 202.35902pt x 151.01042pt.
 <ln(uk)ggt.png, id=114, 578.16pt x 431.4519pt>
File: ln(uk)ggt.png Graphic file (type png)

<use ln(uk)ggt.png>
Package pdftex.def Info: ln(uk)ggt.png used on input line 220.
(pdftex.def)             Requested size: 202.35902pt x 151.01042pt.
 <lin_reg_I.png, id=115, 578.16pt x 431.4519pt>
File: lin_reg_I.png Graphic file (type png)

<use lin_reg_I.png>
Package pdftex.def Info: lin_reg_I.png used on input line 223.
(pdftex.def)             Requested size: 202.35902pt x 151.01042pt.
 <lin_reg_U.png, id=116, 578.16pt x 431.4519pt>
File: lin_reg_U.png Graphic file (type png)

<use lin_reg_U.png>
Package pdftex.def Info: lin_reg_U.png used on input line 225.
(pdftex.def)             Requested size: 202.35902pt x 151.01042pt.
 <residuum_I.png, id=117, 578.16pt x 431.4519pt>
File: residuum_I.png Graphic file (type png)

<use residuum_I.png>
Package pdftex.def Info: residuum_I.png used on input line 239.
(pdftex.def)             Requested size: 202.35902pt x 151.01042pt.
 <residuum_U.png, id=118, 578.16pt x 431.4519pt>
File: residuum_U.png Graphic file (type png)

<use residuum_U.png>
Package pdftex.def Info: residuum_U.png used on input line 241.
(pdftex.def)             Requested size: 202.35902pt x 151.01042pt.
Package epstopdf Info: Source file: <verteilung_mean.eps>
(epstopdf)                    date: 2016-03-13 23:13:48
(epstopdf)                    size: 34662 bytes
(epstopdf)             Output file: <verteilung_mean-eps-converted-to.pdf>
(epstopdf)                    date: 2016-03-14 22:40:25
(epstopdf)                    size: 23811 bytes
(epstopdf)             Command: <repstopdf --outfile=verteilung_mean-eps-conver
ted-to.pdf verteilung_mean.eps>
(epstopdf)             \includegraphics on input line 248.
Package epstopdf Info: Output file is already uptodate.

<verteilung_mean-eps-converted-to.pdf, id=119, 1232.605pt x 589.20125pt>
File: verteilung_mean-eps-converted-to.pdf Graphic file (type pdf)

<use verteilung_mean-eps-converted-to.pdf>
Package pdftex.def Info: verteilung_mean-eps-converted-to.pdf used on input lin
e 248.
(pdftex.def)             Requested size: 493.03326pt x 235.67632pt.

Underfull \hbox (badness 10000) in paragraph at lines 203--251

 []


Underfull \hbox (badness 10000) in paragraph at lines 203--251

 []


Underfull \hbox (badness 10000) in paragraph at lines 203--251

 []


Underfull \hbox (badness 10000) in paragraph at lines 203--251

 []


Underfull \hbox (badness 10000) in paragraph at lines 203--251

 []


Underfull \hbox (badness 10000) in paragraph at lines 203--251

 []


Underfull \hbox (badness 10000) in paragraph at lines 203--251

 []


Underfull \hbox (badness 10000) in paragraph at lines 203--251

 []


Underfull \hbox (badness 10000) in paragraph at lines 203--251

 []


Underfull \hbox (badness 10000) in paragraph at lines 203--251

 []


Underfull \hbox (badness 10000) in paragraph at lines 203--251

 []


Underfull \hbox (badness 10000) in paragraph at lines 203--251

 []


Underfull \hbox (badness 10000) in paragraph at lines 203--251

 []


Underfull \hbox (badness 10000) in paragraph at lines 203--251

 []


Underfull \hbox (badness 10000) in paragraph at lines 203--251

 []


Underfull \hbox (badness 10000) in paragraph at lines 203--251

 []


Underfull \hbox (badness 10000) in paragraph at lines 203--251

 []


Underfull \hbox (badness 10000) in paragraph at lines 203--251

 []


Underfull \hbox (badness 10000) in paragraph at lines 203--251

 []


Underfull \hbox (badness 10000) in paragraph at lines 203--251

 []


Underfull \hbox (badness 10000) in paragraph at lines 203--251

 []


Underfull \hbox (badness 10000) in paragraph at lines 203--251

 []


Overfull \hbox (37.78915pt too wide) in paragraph at lines 203--251
[] 
 []


Underfull \hbox (badness 10000) in paragraph at lines 203--251

 []


Underfull \hbox (badness 10000) in paragraph at lines 203--251

 []


Overfull \hbox (49.42075pt too wide) in paragraph at lines 203--251
\T1/cmr/m/n/12 Wir er-hal-ten für un-se-ren Kon-den-sa-tor einen Wert von: C = 
1.026$\OML/cmm/m/it/12 ^^VF\OMS/cmsy/m/n/12 ^^F$ \T1/cmr/m/n/12 2.028$\OMS/cmsy
/m/n/12 ^^A\OT1/cmr/m/n/12 10[]\OML/cmm/m/it/12 ^^VF\OMS/cmsy/m/n/12 ^^F$\T1/cm
r/m/n/12 3.143$\OMS/cmsy/m/n/12 ^^A\OT1/cmr/m/n/12 10[]\OML/cmm/m/it/12 ^^VF$\T
1/cmr/m/n/12 . 
 []

[11 <./auf1.png> <./ent1.png>] [12 <./offset_und_fehler.png> <./ln(I)ggt.png>]
[13 <./ln(u)ggt.png> <./ln(Ik)ggt.png> <./ln(uk)ggt.png>] [14 <./lin_reg_I.png>
 <./lin_reg_U.png>] [15 <./residuum_I.png> <./residuum_U.png>]
Underfull \hbox (badness 10000) in paragraph at lines 253--254

 []


Overfull \hbox (3.56818pt too wide) in paragraph at lines 255--255
[]\T1/cmr/bx/n/17.28 Gedämpfter LC Schwing-kreis Os-zil-lo-skop, Teil-ver-such
 []


Overfull \hbox (26.8293pt too wide) in paragraph at lines 257--259
\T1/cmr/m/n/12 In die-sem Ver-such soll die Fre-quenz $\OML/cmm/m/it/12 f$ \T1/
cmr/m/n/12 und der Dämp-fungs-ko-ef-fi-zi-ent $\OML/cmm/m/it/12 ^^N$ \T1/cmr/m/
n/12 ei-nes LRC-Schwingkreises
 []

<ArbeitsplatzE_1.jpg, id=144, 1606.0pt x 903.375pt>
File: ArbeitsplatzE_1.jpg Graphic file (type jpg)
 <use ArbeitsplatzE_1.jpg>
Package pdftex.def Info: ArbeitsplatzE_1.jpg used on input line 271.
(pdftex.def)             Requested size: 433.62581pt x 243.9145pt.

[16 <./verteilung_mean-eps-converted-to.pdf>]
LaTeX Font Info:    Try loading font information for OMS+cmr on input line 277.


(c:/texlive/2015/texmf-dist/tex/latex/base/omscmr.fd
File: omscmr.fd 2014/09/29 v2.5h Standard LaTeX font definitions
)
LaTeX Font Info:    Font shape `OMS/cmr/m/n' in size <12> not available
(Font)              Font shape `OMS/cmsy/m/n' tried instead on input line 277.
 [17 <./ArbeitsplatzE_1.jpg>] <TEK0003.JPG, id=201, 256.96pt x 192.72pt>
File: TEK0003.JPG Graphic file (type jpg)
 <use TEK0003.JPG>
Package pdftex.def Info: TEK0003.JPG used on input line 347.
(pdftex.def)             Requested size: 179.87076pt x 134.90306pt.
 [18 <./TEK0003.JPG>]
Package epstopdf Info: Source file: <Bilder/FrequenzGewichtet.eps>
(epstopdf)                    date: 2016-03-12 18:52:30
(epstopdf)                    size: 28612 bytes
(epstopdf)             Output file: <Bilder/FrequenzGewichtet-eps-converted-to.
pdf>
(epstopdf)                    date: 2016-03-13 22:56:43
(epstopdf)                    size: 18752 bytes
(epstopdf)             Command: <repstopdf --outfile=Bilder/FrequenzGewichtet-e
ps-converted-to.pdf Bilder/FrequenzGewichtet.eps>
(epstopdf)             \includegraphics on input line 394.
Package epstopdf Info: Output file is already uptodate.

<Bilder/FrequenzGewichtet-eps-converted-to.pdf, id=205, 1232.605pt x 597.23125p
t>
File: Bilder/FrequenzGewichtet-eps-converted-to.pdf Graphic file (type pdf)
 <use Bilder/FrequenzGewichtet-eps-converted-to.pdf>
Package pdftex.def Info: Bilder/FrequenzGewichtet-eps-converted-to.pdf used on 
input line 394.
(pdftex.def)             Requested size: 369.78435pt x 179.17075pt.
Package epstopdf Info: Source file: <Bilder/DaempfungGewichtet.eps>
(epstopdf)                    date: 2016-03-12 18:41:40
(epstopdf)                    size: 33612 bytes
(epstopdf)             Output file: <Bilder/DaempfungGewichtet-eps-converted-to
.pdf>
(epstopdf)                    date: 2016-03-12 18:45:17
(epstopdf)                    size: 22867 bytes
(epstopdf)             Command: <repstopdf --outfile=Bilder/DaempfungGewichtet-
eps-converted-to.pdf Bilder/DaempfungGewichtet.eps>
(epstopdf)             \includegraphics on input line 401.
Package epstopdf Info: Output file is already uptodate.

<Bilder/DaempfungGewichtet-eps-converted-to.pdf, id=206, 1232.605pt x 597.23125
pt>
File: Bilder/DaempfungGewichtet-eps-converted-to.pdf Graphic file (type pdf)
 <use Bilder/DaempfungGewichtet-eps-converted-to.pdf>
Package pdftex.def Info: Bilder/DaempfungGewichtet-eps-converted-to.pdf used on
 input line 401.
(pdftex.def)             Requested size: 369.78435pt x 179.17075pt.
 [19 <./Bilder/FrequenzGewichtet-eps-converted-to.pdf>]
Package epstopdf Info: Source file: <Bilder/FrequenzGewichtetZweiSigma.eps>
(epstopdf)                    date: 2016-03-12 18:52:57
(epstopdf)                    size: 32439 bytes
(epstopdf)             Output file: <Bilder/FrequenzGewichtetZweiSigma-eps-conv
erted-to.pdf>
(epstopdf)                    date: 2016-03-13 23:28:31
(epstopdf)                    size: 19323 bytes
(epstopdf)             Command: <repstopdf --outfile=Bilder/FrequenzGewichtetZw
eiSigma-eps-converted-to.pdf Bilder/FrequenzGewichtetZweiSigma.eps>
(epstopdf)             \includegraphics on input line 418.
Package epstopdf Info: Output file is already uptodate.

<Bilder/FrequenzGewichtetZweiSigma-eps-converted-to.pdf, id=250, 1232.605pt x 5
97.23125pt>
File: Bilder/FrequenzGewichtetZweiSigma-eps-converted-to.pdf Graphic file (type
 pdf)
 <use Bilder/FrequenzGewichtetZweiSigma-eps-converted-to.pdf>
Package pdftex.def Info: Bilder/FrequenzGewichtetZweiSigma-eps-converted-to.pdf
 used on input line 418.
(pdftex.def)             Requested size: 431.41821pt x 209.03406pt.

Overfull \hbox (0.9637pt too wide) in paragraph at lines 423--423
[]\T1/cmr/bx/n/17.28 Gedämpfter LC Schwing-kreis Cas-sy, Teil-ver-such 4.4.2 
 []

[20 <./Bilder/DaempfungGewichtet-eps-converted-to.pdf> <./Bilder/FrequenzGewich
tetZweiSigma-eps-converted-to.pdf>]
<Bilder/VersuchsaufbauOhneWiderstand.PNG, id=339, 377.91188pt x 293.59688pt>
File: Bilder/VersuchsaufbauOhneWiderstand.PNG Graphic file (type png)

<use Bilder/VersuchsaufbauOhneWiderstand.PNG>
Package pdftex.def Info: Bilder/VersuchsaufbauOhneWiderstand.PNG used on input 
line 448.
(pdftex.def)             Requested size: 223.07211pt x 173.30128pt.

<Bilder/VersuchsaufbauMitWiderstand.PNG, id=340, 377.91188pt x 293.59688pt>
File: Bilder/VersuchsaufbauMitWiderstand.PNG Graphic file (type png)

<use Bilder/VersuchsaufbauMitWiderstand.PNG>
Package pdftex.def Info: Bilder/VersuchsaufbauMitWiderstand.PNG used on input l
ine 449.
(pdftex.def)             Requested size: 223.07211pt x 173.30128pt.

Underfull \hbox (badness 10000) in paragraph at lines 459--462

 []

[21 <./Bilder/VersuchsaufbauOhneWiderstand.PNG> <./Bilder/VersuchsaufbauMitWide
rstand.PNG>]
Underfull \hbox (badness 10000) in paragraph at lines 464--471

 []

<Bilder/AufbauFoto.jpg, id=347, 1606.0pt x 903.375pt>
File: Bilder/AufbauFoto.jpg Graphic file (type jpg)

<use Bilder/AufbauFoto.jpg>
Package pdftex.def Info: Bilder/AufbauFoto.jpg used on input line 481.
(pdftex.def)             Requested size: 401.49902pt x 225.8432pt.
 [22 <./Bilder/AufbauFoto.jpg>]
<Bilder/SchwingfallMitOffset0Ohm.png, id=351, 880.79062pt x 481.04718pt>
File: Bilder/SchwingfallMitOffset0Ohm.png Graphic file (type png)

<use Bilder/SchwingfallMitOffset0Ohm.png>
Package pdftex.def Info: Bilder/SchwingfallMitOffset0Ohm.png used on input line
 503.
(pdftex.def)             Requested size: 264.23923pt x 144.31526pt.

<Bilder/Schwingfall2komma4Ohm.png, id=352, 880.79062pt x 481.04718pt>
File: Bilder/Schwingfall2komma4Ohm.png Graphic file (type png)

<use Bilder/Schwingfall2komma4Ohm.png>
Package pdftex.def Info: Bilder/Schwingfall2komma4Ohm.png used on input line 50
9.
(pdftex.def)             Requested size: 264.23923pt x 144.31526pt.

<Bilder/Kriechfall1KOhm.png, id=353, 880.79062pt x 481.04718pt>
File: Bilder/Kriechfall1KOhm.png Graphic file (type png)

<use Bilder/Kriechfall1KOhm.png>
Package pdftex.def Info: Bilder/Kriechfall1KOhm.png used on input line 516.
(pdftex.def)             Requested size: 264.23923pt x 144.31526pt.

Overfull \hbox (1.83588pt too wide) in paragraph at lines 523--525
\T1/cmr/m/n/12 Mithilfe der in Cas-sy ein-ge-bau-ten Fast-Fourier-Transformatio
n(FFT) lässt sich sehr schnell
 []

[23 <./Bilder/SchwingfallMitOffset0Ohm.png> <./Bilder/Schwingfall2komma4Ohm.png
> <./Bilder/Kriechfall1KOhm.png>]
<Bilder/PEAK.png, id=357, 880.79062pt x 481.04718pt>
File: Bilder/PEAK.png Graphic file (type png)
 <use Bilder/PEAK.png>
Package pdftex.def Info: Bilder/PEAK.png used on input line 529.
(pdftex.def)             Requested size: 352.31pt x 192.41545pt.

Underfull \hbox (badness 10000) in paragraph at lines 533--536

 []

<Bilder/Einhuellende.png, id=358, 880.79062pt x 481.04718pt>
File: Bilder/Einhuellende.png Graphic file (type png)

<use Bilder/Einhuellende.png>
Package pdftex.def Info: Bilder/Einhuellende.png used on input line 543.
(pdftex.def)             Requested size: 440.39423pt x 240.523pt.
 [24 <./Bilder/PEAK.png> <./Bilder/Einhuellende.png>] <Bilder/Induktivität_linr
eg.png, id=362, 1445.4pt x 706.8006pt>
File: Bilder/Induktivität_linreg.png Graphic file (type png)

<use Bilder/Induktivität_linreg.png>
Package pdftex.def Info: Bilder/Induktivität_linreg.png used on input line 574.

(pdftex.def)             Requested size: 433.62335pt x 212.04181pt.

<Bilder/AperiodischerGrenzfall.png, id=363, 880.79062pt x 481.04718pt>
File: Bilder/AperiodischerGrenzfall.png Graphic file (type png)

<use Bilder/AperiodischerGrenzfall.png>
Package pdftex.def Info: Bilder/AperiodischerGrenzfall.png used on input line 5
96.
(pdftex.def)             Requested size: 440.39423pt x 240.523pt.
 [25 <./Bilder/Induktivität_linreg.png>]
Overfull \hbox (0.49574pt too wide) in paragraph at lines 602--605
\T1/cmr/m/n/12 schwingt die Schal-tung bei $\OT1/cmr/m/n/12 97\OML/cmm/m/it/12 
:\OT1/cmr/m/n/12 5
$ \T1/cmr/m/n/12 noch, wäh-rend sie bei $\OT1/cmr/m/n/12 100\OML/cmm/m/it/12 :\
OT1/cmr/m/n/12 1
$ \T1/cmr/m/n/12 ge-ra-de nicht mehr schwingt.
 []

<Bilder/ResiduenplotInduktivitaeten.png, id=369, 578.16pt x 431.4519pt>
File: Bilder/ResiduenplotInduktivitaeten.png Graphic file (type png)

<use Bilder/ResiduenplotInduktivitaeten.png>
Package pdftex.def Info: Bilder/ResiduenplotInduktivitaeten.png used on input l
ine 625.
(pdftex.def)             Requested size: 289.07928pt x 215.72542pt.
 [26 <./Bilder/AperiodischerGrenzfall.png>]
Underfull \hbox (badness 10000) in paragraph at lines 628--629

 []

[27 <./Bilder/ResiduenplotInduktivitaeten.png>] (./Final_E.aux) ) 
Here is how much of TeX's memory you used:
 4206 strings out of 493054
 56243 string characters out of 6138327
 133269 words of memory out of 5000000
 7599 multiletter control sequences out of 15000+600000
 13676 words of font info for 39 fonts, out of 8000000 for 9000
 1141 hyphenation exceptions out of 8191
 38i,12n,24p,618b,258s stack positions out of 5000i,500n,10000p,200000b,80000s
{c:/texlive/20
15/texmf-dist/fonts/enc/dvips/cm-super/cm-super-t1.enc}<c:/texlive/2015/texmf-d
ist/fonts/type1/public/amsfonts/cm/cmex10.pfb><c:/texlive/2015/texmf-dist/fonts
/type1/public/amsfonts/cmextra/cmex8.pfb><c:/texlive/2015/texmf-dist/fonts/type
1/public/amsfonts/cm/cmmi12.pfb><c:/texlive/2015/texmf-dist/fonts/type1/public/
amsfonts/cm/cmmi6.pfb><c:/texlive/2015/texmf-dist/fonts/type1/public/amsfonts/c
m/cmmi8.pfb><c:/texlive/2015/texmf-dist/fonts/type1/public/amsfonts/cm/cmr12.pf
b><c:/texlive/2015/texmf-dist/fonts/type1/public/amsfonts/cm/cmr6.pfb><c:/texli
ve/2015/texmf-dist/fonts/type1/public/amsfonts/cm/cmr8.pfb><c:/texlive/2015/tex
mf-dist/fonts/type1/public/amsfonts/cm/cmsy10.pfb><c:/texlive/2015/texmf-dist/f
onts/type1/public/amsfonts/cm/cmsy6.pfb><c:/texlive/2015/texmf-dist/fonts/type1
/public/amsfonts/cm/cmsy8.pfb><c:/texlive/2015/texmf-dist/fonts/type1/public/cm
-super/sfbx1200.pfb><c:/texlive/2015/texmf-dist/fonts/type1/public/cm-super/sfb
x1440.pfb><c:/texlive/2015/texmf-dist/fonts/type1/public/cm-super/sfbx1728.pfb>
<c:/texlive/2015/texmf-dist/fonts/type1/public/cm-super/sfrm1000.pfb><c:/texliv
e/2015/texmf-dist/fonts/type1/public/cm-super/sfrm1200.pfb>
Output written on Final_E.pdf (27 pages, 1735745 bytes).
PDF statistics:
 430 PDF objects out of 1000 (max. 8388607)
 135 compressed objects within 2 object streams
 0 named destinations out of 1000 (max. 500000)
 186 words of extra memory for PDF output out of 10000 (max. 10000000)

