\BOOKMARK [1][-]{section.1}{Einleitung}{}% 1
\BOOKMARK [1][-]{section.2}{Messung der Wellenl\344nge}{}% 2
\BOOKMARK [2][-]{subsection.2.1}{Aufbau und Grundlagen}{section.2}% 3
\BOOKMARK [2][-]{subsection.2.2}{Kalibration}{section.2}% 4
\BOOKMARK [3][-]{subsubsection.2.2.1}{Durchf\374hrung}{subsection.2.2}% 5
\BOOKMARK [3][-]{subsubsection.2.2.2}{Ergebnisse der Kalibration}{subsection.2.2}% 6
\BOOKMARK [2][-]{subsection.2.3}{Auswertung}{section.2}% 7
\BOOKMARK [2][-]{subsection.2.4}{Fazit}{section.2}% 8
\BOOKMARK [1][-]{section.3}{Druckabh\344ngigkeit des Brechungsindex von Luft}{}% 9
\BOOKMARK [2][-]{subsection.3.1}{Grundlagen}{section.3}% 10
\BOOKMARK [2][-]{subsection.3.2}{Aufbau}{section.3}% 11
\BOOKMARK [2][-]{subsection.3.3}{Durchf\374hrung}{section.3}% 12
\BOOKMARK [2][-]{subsection.3.4}{Auswertung}{section.3}% 13
\BOOKMARK [2][-]{subsection.3.5}{Fazit}{section.3}% 14
\BOOKMARK [1][-]{section.4}{Brechungsindex Kohlenstoffdioxid}{}% 15
\BOOKMARK [2][-]{subsection.4.1}{Grundlagen}{section.4}% 16
\BOOKMARK [2][-]{subsection.4.2}{Durchf\374hrung}{section.4}% 17
\BOOKMARK [2][-]{subsection.4.3}{Auswertung}{section.4}% 18
\BOOKMARK [2][-]{subsection.4.4}{Fazit}{section.4}% 19
\BOOKMARK [1][-]{section.5}{Anhang}{}% 20
