\BOOKMARK [1][-]{section.1}{Einleitung}{}% 1
\BOOKMARK [1][-]{section.2}{Grundlagen}{}% 2
\BOOKMARK [2][-]{subsection.2.1}{Wechselstr\366me -/Spannung}{section.2}% 3
\BOOKMARK [2][-]{subsection.2.2}{Wechselstromwiderst\344nde}{section.2}% 4
\BOOKMARK [3][-]{subsubsection.2.2.1}{Ohmscher Widerstand}{subsection.2.2}% 5
\BOOKMARK [3][-]{subsubsection.2.2.2}{Kapazitiver Widerstand}{subsection.2.2}% 6
\BOOKMARK [3][-]{subsubsection.2.2.3}{Induktiver Widerstand}{subsection.2.2}% 7
\BOOKMARK [1][-]{section.3}{Serienschwingkreis}{}% 8
\BOOKMARK [2][-]{subsection.3.1}{Versuchsziel}{section.3}% 9
\BOOKMARK [2][-]{subsection.3.2}{Herleitung ben\366tigter Formeln}{section.3}% 10
\BOOKMARK [3][-]{subsubsection.3.2.1}{Bestimmung der G\374te}{subsection.3.2}% 11
\BOOKMARK [2][-]{subsection.3.3}{Messung mit dem Oszilloskop}{section.3}% 12
\BOOKMARK [3][-]{subsubsection.3.3.1}{Versuchsaufbau}{subsection.3.3}% 13
\BOOKMARK [3][-]{subsubsection.3.3.2}{Versuchsdurchf\374hrung und -Auswertung}{subsection.3.3}% 14
\BOOKMARK [2][-]{subsection.3.4}{Messung mit dem Sensor-Cassy}{section.3}% 15
\BOOKMARK [3][-]{subsubsection.3.4.1}{Versuchsaufbau}{subsection.3.4}% 16
\BOOKMARK [3][-]{subsubsection.3.4.2}{Versuchsdurchf\374hrung}{subsection.3.4}% 17
\BOOKMARK [2][-]{subsection.3.5}{Versuchsauswertung}{section.3}% 18
\BOOKMARK [3][-]{subsubsection.3.5.1}{Resonanzkurve}{subsection.3.5}% 19
\BOOKMARK [3][-]{subsubsection.3.5.2}{Phasenverschiebung}{subsection.3.5}% 20
\BOOKMARK [3][-]{subsubsection.3.5.3}{Spannungs\374berh\366hung}{subsection.3.5}% 21
\BOOKMARK [3][-]{subsubsection.3.5.4}{Theoretische Vorhersage}{subsection.3.5}% 22
\BOOKMARK [2][-]{subsection.3.6}{Fazit}{section.3}% 23
\BOOKMARK [1][-]{section.4}{Parallelschwingkreis}{}% 24
\BOOKMARK [2][-]{subsection.4.1}{Versuchsziel}{section.4}% 25
\BOOKMARK [2][-]{subsection.4.2}{Herleitung ben\366tigter Formeln}{section.4}% 26
\BOOKMARK [3][-]{subsubsection.4.2.1}{Messung der G\374te}{subsection.4.2}% 27
\BOOKMARK [2][-]{subsection.4.3}{Versuchsaufbau}{section.4}% 28
\BOOKMARK [2][-]{subsection.4.4}{Versuchsdurchf\374hrung}{section.4}% 29
\BOOKMARK [2][-]{subsection.4.5}{Versuchsauswertung}{section.4}% 30
\BOOKMARK [2][-]{subsection.4.6}{Fazit}{section.4}% 31
\BOOKMARK [1][-]{section.5}{Hoch- und Tiefpassfilter}{}% 32
\BOOKMARK [1][-]{section.6}{Anhang}{}% 33
\BOOKMARK [2][-]{subsection.6.1}{Serienschwingkreis}{section.6}% 34
\BOOKMARK [2][-]{subsection.6.2}{Parallelschwingkreis}{section.6}% 35
