\BOOKMARK [1][-]{section.1}{Einleitung}{}% 1
\BOOKMARK [1][-]{section.2}{Prismenspektrometer}{}% 2
\BOOKMARK [2][-]{subsection.2.1}{Theorie des Prismas}{section.2}% 3
\BOOKMARK [2][-]{subsection.2.2}{Versuchsaufbau}{section.2}% 4
\BOOKMARK [2][-]{subsection.2.3}{Durchf\374hrung}{section.2}% 5
\BOOKMARK [2][-]{subsection.2.4}{Auswertung}{section.2}% 6
\BOOKMARK [2][-]{subsection.2.5}{Fazit zu den Versuchen zum Prisma}{section.2}% 7
\BOOKMARK [1][-]{section.3}{Gitterspektrometer}{}% 8
\BOOKMARK [2][-]{subsection.3.1}{Theoretische Grundlagen der Gitterspektroskopie}{section.3}% 9
\BOOKMARK [2][-]{subsection.3.2}{Aufbau}{section.3}% 10
\BOOKMARK [2][-]{subsection.3.3}{Durchf\374hrung}{section.3}% 11
\BOOKMARK [3][-]{subsubsection.3.3.1}{Bestimmung der Gitterkonstante}{subsection.3.3}% 12
\BOOKMARK [3][-]{subsubsection.3.3.2}{Bestimmung der Wellenl\344ngen der Na-Doppellinie}{subsection.3.3}% 13
\BOOKMARK [3][-]{subsubsection.3.3.3}{Bestimmung des Aufl\366sungsverm\366gens}{subsection.3.3}% 14
\BOOKMARK [2][-]{subsection.3.4}{Auswertung}{section.3}% 15
\BOOKMARK [3][-]{subsubsection.3.4.1}{Bestimmung der Beugungswinkel}{subsection.3.4}% 16
\BOOKMARK [3][-]{subsubsection.3.4.2}{Bestimmung der Gitterkonstante}{subsection.3.4}% 17
\BOOKMARK [3][-]{subsubsection.3.4.3}{Bestimmung der Wellenl\344ngen der Na-Doppellinie}{subsection.3.4}% 18
\BOOKMARK [3][-]{subsubsection.3.4.4}{Bestimmung des Aufl\366sungsverm\366gens}{subsection.3.4}% 19
\BOOKMARK [2][-]{subsection.3.5}{Fazit}{section.3}% 20
\BOOKMARK [1][-]{section.4}{Anhang}{}% 21
